###############################################################################
#                                                                             #
# IAR C/C++ Compiler V8.10.3.10338/W32 for 8051         23/Mar/2017  16:53:23 #
# Copyright 2004-2011 IAR Systems AB.                                         #
#                                                                             #
#    Core               =  plain                                              #
#    Code model         =  banked                                             #
#    Data model         =  large                                              #
#    Calling convention =  xdata reentrant                                    #
#    Constant location  =  data_rom                                           #
#    Dptr setup         =  1,16                                               #
#    Source file        =  D:\IAR\ZStack-CC2530-2.5.1a\Components\stack\sys\Z #
#                          Globals.c                                          #
#    Command line       =  -f D:\IAR\ZStack-CC2530-2.5.1a\Projects\zstack\Sam #
#                          ples\GenericAppUart\CC2530DB\..\..\..\Tools\CC2530 #
#                          DB\f8wCoord.cfg (-DCPU32MHZ -DROOT=__near_func     #
#                          -DMAC_CFG_APP_PENDING_QUEUE=TRUE                   #
#                          -DMAC_CFG_TX_DATA_MAX=5 -DMAC_CFG_TX_MAX=8         #
#                          -DMAC_CFG_RX_MAX=5 -DZDO_COORDINATOR -DRTR_NWK)    #
#                          -f D:\IAR\ZStack-CC2530-2.5.1a\Projects\zstack\Sam #
#                          ples\GenericAppUart\CC2530DB\..\..\..\Tools\CC2530 #
#                          DB\f8wConfig.cfg (-DZIGBEEPRO -DSECURE=0           #
#                          -DZG_SECURE_DYNAMIC=0 -DREFLECTOR                  #
#                          -DDEFAULT_CHANLIST=0x00000800                      #
#                          -DZDAPP_CONFIG_PAN_ID=0xFFFF                       #
#                          -DNWK_START_DELAY=100 -DEXTENDED_JOINING_RANDOM_MA #
#                          SK=0x007F -DBEACON_REQUEST_DELAY=100               #
#                          -DBEACON_REQ_DELAY_MASK=0x00FF                     #
#                          -DLINK_STATUS_JITTER_MASK=0x007F                   #
#                          -DROUTE_EXPIRY_TIME=30 -DAPSC_ACK_WAIT_DURATION_PO #
#                          LLED=3000 -DNWK_INDIRECT_MSG_TIMEOUT=7             #
#                          -DMAX_RREQ_ENTRIES=8 -DAPSC_MAX_FRAME_RETRIES=3    #
#                          -DNWK_MAX_DATA_RETRIES=2                           #
#                          -DMAX_POLL_FAILURE_RETRIES=2 -DMAX_BCAST=9         #
#                          -DAPS_MAX_GROUPS=16 -DMAX_RTG_ENTRIES=40           #
#                          -DNWK_MAX_BINDING_ENTRIES=4                        #
#                          -DMAX_BINDING_CLUSTER_IDS=4 "-DDEFAULT_KEY={0x01,  #
#                          0x03, 0x05, 0x07, 0x09, 0x0B, 0x0D, 0x0F, 0x00,    #
#                          0x02, 0x04, 0x06, 0x08, 0x0A, 0x0C, 0x0D}"         #
#                          -DMAC_MAX_FRAME_SIZE=116                           #
#                          -DZDNWKMGR_MIN_TRANSMISSIONS=20 "-DCONST=const     #
#                          __code" -DGENERIC=__generic                        #
#                          -DRFD_RCVC_ALWAYS_ON=FALSE -DPOLL_RATE=1000        #
#                          -DQUEUED_POLL_RATE=100 -DRESPONSE_POLL_RATE=100)   #
#                          -DREJOIN_POLL_RATE=440 D:\IAR\ZStack-CC2530-2.5.1a #
#                          \Components\stack\sys\ZGlobals.c -D ZTOOL_P1 -D    #
#                          MT_TASK -D MT_SYS_FUNC -D MT_ZDO_FUNC -D           #
#                          LCD_SUPPORTED=DEBUG -lC D:\IAR\ZStack-CC2530-2.5.1 #
#                          a\Projects\zstack\Samples\GenericAppUart\CC2530DB\ #
#                          CoordinatorEB\List\ -lA D:\IAR\ZStack-CC2530-2.5.1 #
#                          a\Projects\zstack\Samples\GenericAppUart\CC2530DB\ #
#                          CoordinatorEB\List\ --diag_suppress Pe001,Pa010    #
#                          -o D:\IAR\ZStack-CC2530-2.5.1a\Projects\zstack\Sam #
#                          ples\GenericAppUart\CC2530DB\CoordinatorEB\Obj\    #
#                          -e --no_code_motion --debug --core=plain           #
#                          --dptr=16,1 --data_model=large                     #
#                          --code_model=banked --calling_convention=xdata_ree #
#                          ntrant --place_constants=data_rom                  #
#                          --nr_virtual_regs 16 -I D:\IAR\ZStack-CC2530-2.5.1 #
#                          a\Projects\zstack\Samples\GenericAppUart\CC2530DB\ #
#                           -I D:\IAR\ZStack-CC2530-2.5.1a\Projects\zstack\Sa #
#                          mples\GenericAppUart\CC2530DB\..\Source\ -I        #
#                          D:\IAR\ZStack-CC2530-2.5.1a\Projects\zstack\Sample #
#                          s\GenericAppUart\CC2530DB\..\..\..\ZMain\TI2530DB\ #
#                           -I D:\IAR\ZStack-CC2530-2.5.1a\Projects\zstack\Sa #
#                          mples\GenericAppUart\CC2530DB\..\..\..\..\..\Compo #
#                          nents\hal\include\ -I D:\IAR\ZStack-CC2530-2.5.1a\ #
#                          Projects\zstack\Samples\GenericAppUart\CC2530DB\.. #
#                          \..\..\..\..\Components\hal\target\CC2530EB\ -I    #
#                          D:\IAR\ZStack-CC2530-2.5.1a\Projects\zstack\Sample #
#                          s\GenericAppUart\CC2530DB\..\..\..\..\..\Component #
#                          s\mac\include\ -I D:\IAR\ZStack-CC2530-2.5.1a\Proj #
#                          ects\zstack\Samples\GenericAppUart\CC2530DB\..\..\ #
#                          ..\..\..\Components\mac\high_level\ -I             #
#                          D:\IAR\ZStack-CC2530-2.5.1a\Projects\zstack\Sample #
#                          s\GenericAppUart\CC2530DB\..\..\..\..\..\Component #
#                          s\mac\low_level\srf04\ -I                          #
#                          D:\IAR\ZStack-CC2530-2.5.1a\Projects\zstack\Sample #
#                          s\GenericAppUart\CC2530DB\..\..\..\..\..\Component #
#                          s\mac\low_level\srf04\single_chip\ -I              #
#                          D:\IAR\ZStack-CC2530-2.5.1a\Projects\zstack\Sample #
#                          s\GenericAppUart\CC2530DB\..\..\..\..\..\Component #
#                          s\mt\ -I D:\IAR\ZStack-CC2530-2.5.1a\Projects\zsta #
#                          ck\Samples\GenericAppUart\CC2530DB\..\..\..\..\..\ #
#                          Components\osal\include\ -I                        #
#                          D:\IAR\ZStack-CC2530-2.5.1a\Projects\zstack\Sample #
#                          s\GenericAppUart\CC2530DB\..\..\..\..\..\Component #
#                          s\services\saddr\ -I D:\IAR\ZStack-CC2530-2.5.1a\P #
#                          rojects\zstack\Samples\GenericAppUart\CC2530DB\..\ #
#                          ..\..\..\..\Components\services\sdata\ -I          #
#                          D:\IAR\ZStack-CC2530-2.5.1a\Projects\zstack\Sample #
#                          s\GenericAppUart\CC2530DB\..\..\..\..\..\Component #
#                          s\stack\af\ -I D:\IAR\ZStack-CC2530-2.5.1a\Project #
#                          s\zstack\Samples\GenericAppUart\CC2530DB\..\..\..\ #
#                          ..\..\Components\stack\nwk\ -I                     #
#                          D:\IAR\ZStack-CC2530-2.5.1a\Projects\zstack\Sample #
#                          s\GenericAppUart\CC2530DB\..\..\..\..\..\Component #
#                          s\stack\sapi\ -I D:\IAR\ZStack-CC2530-2.5.1a\Proje #
#                          cts\zstack\Samples\GenericAppUart\CC2530DB\..\..\. #
#                          .\..\..\Components\stack\sec\ -I                   #
#                          D:\IAR\ZStack-CC2530-2.5.1a\Projects\zstack\Sample #
#                          s\GenericAppUart\CC2530DB\..\..\..\..\..\Component #
#                          s\stack\sys\ -I D:\IAR\ZStack-CC2530-2.5.1a\Projec #
#                          ts\zstack\Samples\GenericAppUart\CC2530DB\..\..\.. #
#                          \..\..\Components\stack\zdo\ -I                    #
#                          D:\IAR\ZStack-CC2530-2.5.1a\Projects\zstack\Sample #
#                          s\GenericAppUart\CC2530DB\..\..\..\..\..\Component #
#                          s\zmac\ -I D:\IAR\ZStack-CC2530-2.5.1a\Projects\zs #
#                          tack\Samples\GenericAppUart\CC2530DB\..\..\..\..\. #
#                          .\Components\zmac\f8w\ -Ohz --require_prototypes   #
#    List file          =  D:\IAR\ZStack-CC2530-2.5.1a\Projects\zstack\Sample #
#                          s\GenericAppUart\CC2530DB\CoordinatorEB\List\ZGlob #
#                          als.lst                                            #
#    Object file        =  D:\IAR\ZStack-CC2530-2.5.1a\Projects\zstack\Sample #
#                          s\GenericAppUart\CC2530DB\CoordinatorEB\Obj\ZGloba #
#                          ls.r51                                             #
#                                                                             #
#                                                                             #
###############################################################################



 
 
 0 bytes of memory

Errors: none
Warnings: none
