###############################################################################
#                                                                             #
# IAR C/C++ Compiler V8.10.3.10338/W32 for 8051         27/Mar/2017  16:47:33 #
# Copyright 2004-2011 IAR Systems AB.                                         #
#                                                                             #
#    Core               =  plain                                              #
#    Code model         =  banked                                             #
#    Data model         =  large                                              #
#    Calling convention =  xdata reentrant                                    #
#    Constant location  =  data_rom                                           #
#    Dptr setup         =  1,16                                               #
#    Source file        =  D:\IAR\ZStack-CC2530-2.5.1a\Projects\zstack\Sample #
#                          s\GenericApp-Sensor\Source\Sensor.c                #
#    Command line       =  -f D:\IAR\ZStack-CC2530-2.5.1a\Projects\zstack\Sam #
#                          ples\GenericApp-Sensor\CC2530DB\..\..\..\Tools\CC2 #
#                          530DB\f8wEndev.cfg (-DCPU32MHZ -DROOT=__near_func  #
#                          -DMAC_CFG_TX_DATA_MAX=3 -DMAC_CFG_TX_MAX=6         #
#                          -DMAC_CFG_RX_MAX=3) -f D:\IAR\ZStack-CC2530-2.5.1a #
#                          \Projects\zstack\Samples\GenericApp-Sensor\CC2530D #
#                          B\..\..\..\Tools\CC2530DB\f8wConfig.cfg            #
#                          (-DZIGBEEPRO -DSECURE=0 -DZG_SECURE_DYNAMIC=0      #
#                          -DREFLECTOR -DDEFAULT_CHANLIST=0x00000800          #
#                          -DZDAPP_CONFIG_PAN_ID=0xFF4E                       #
#                          -DNWK_START_DELAY=100 -DEXTENDED_JOINING_RANDOM_MA #
#                          SK=0x007F -DBEACON_REQUEST_DELAY=100               #
#                          -DBEACON_REQ_DELAY_MASK=0x00FF                     #
#                          -DLINK_STATUS_JITTER_MASK=0x007F                   #
#                          -DROUTE_EXPIRY_TIME=30 -DAPSC_ACK_WAIT_DURATION_PO #
#                          LLED=3000 -DNWK_INDIRECT_MSG_TIMEOUT=7             #
#                          -DMAX_RREQ_ENTRIES=8 -DAPSC_MAX_FRAME_RETRIES=3    #
#                          -DNWK_MAX_DATA_RETRIES=2                           #
#                          -DMAX_POLL_FAILURE_RETRIES=2 -DMAX_BCAST=9         #
#                          -DAPS_MAX_GROUPS=16 -DMAX_RTG_ENTRIES=40           #
#                          -DNWK_MAX_BINDING_ENTRIES=4                        #
#                          -DMAX_BINDING_CLUSTER_IDS=4 "-DDEFAULT_KEY={0x01,  #
#                          0x03, 0x05, 0x07, 0x09, 0x0B, 0x0D, 0x0F, 0x00,    #
#                          0x02, 0x04, 0x06, 0x08, 0x0A, 0x0C, 0x0D}"         #
#                          -DMAC_MAX_FRAME_SIZE=116                           #
#                          -DZDNWKMGR_MIN_TRANSMISSIONS=20 "-DCONST=const     #
#                          __code" -DGENERIC=__generic                        #
#                          -DRFD_RCVC_ALWAYS_ON=FALSE -DPOLL_RATE=1000        #
#                          -DQUEUED_POLL_RATE=100 -DRESPONSE_POLL_RATE=100)   #
#                          -DREJOIN_POLL_RATE=440 D:\IAR\ZStack-CC2530-2.5.1a #
#                          \Projects\zstack\Samples\GenericApp-Sensor\Source\ #
#                          Sensor.c -D NWK_AUTO_POLL -D ZTOOL_P1 -D MT_TASK   #
#                          -D MT_SYS_FUNC -D MT_ZDO_FUNC -D                   #
#                          LCD_SUPPORTED=DEBUG -D xPOWER_SAVING -lC           #
#                          D:\IAR\ZStack-CC2530-2.5.1a\Projects\zstack\Sample #
#                          s\GenericApp-Sensor\CC2530DB\EndDeviceEB\List\     #
#                          -lA D:\IAR\ZStack-CC2530-2.5.1a\Projects\zstack\Sa #
#                          mples\GenericApp-Sensor\CC2530DB\EndDeviceEB\List\ #
#                           --diag_suppress Pe001,Pa010 -o                    #
#                          D:\IAR\ZStack-CC2530-2.5.1a\Projects\zstack\Sample #
#                          s\GenericApp-Sensor\CC2530DB\EndDeviceEB\Obj\ -e   #
#                          --no_code_motion --debug --core=plain --dptr=16,1  #
#                          --data_model=large --code_model=banked             #
#                          --calling_convention=xdata_reentrant               #
#                          --place_constants=data_rom --nr_virtual_regs 16    #
#                          -I D:\IAR\ZStack-CC2530-2.5.1a\Projects\zstack\Sam #
#                          ples\GenericApp-Sensor\CC2530DB\ -I                #
#                          D:\IAR\ZStack-CC2530-2.5.1a\Projects\zstack\Sample #
#                          s\GenericApp-Sensor\CC2530DB\..\Source\ -I         #
#                          D:\IAR\ZStack-CC2530-2.5.1a\Projects\zstack\Sample #
#                          s\GenericApp-Sensor\CC2530DB\..\..\..\ZMain\TI2530 #
#                          DB\ -I D:\IAR\ZStack-CC2530-2.5.1a\Projects\zstack #
#                          \Samples\GenericApp-Sensor\CC2530DB\..\..\..\..\.. #
#                          \Components\hal\include\ -I                        #
#                          D:\IAR\ZStack-CC2530-2.5.1a\Projects\zstack\Sample #
#                          s\GenericApp-Sensor\CC2530DB\..\..\..\..\..\Compon #
#                          ents\hal\target\CC2530EB\ -I                       #
#                          D:\IAR\ZStack-CC2530-2.5.1a\Projects\zstack\Sample #
#                          s\GenericApp-Sensor\CC2530DB\..\..\..\..\..\Compon #
#                          ents\mac\include\ -I D:\IAR\ZStack-CC2530-2.5.1a\P #
#                          rojects\zstack\Samples\GenericApp-Sensor\CC2530DB\ #
#                          ..\..\..\..\..\Components\mac\high_level\ -I       #
#                          D:\IAR\ZStack-CC2530-2.5.1a\Projects\zstack\Sample #
#                          s\GenericApp-Sensor\CC2530DB\..\..\..\..\..\Compon #
#                          ents\mac\low_level\srf04\ -I                       #
#                          D:\IAR\ZStack-CC2530-2.5.1a\Projects\zstack\Sample #
#                          s\GenericApp-Sensor\CC2530DB\..\..\..\..\..\Compon #
#                          ents\mac\low_level\srf04\single_chip\ -I           #
#                          D:\IAR\ZStack-CC2530-2.5.1a\Projects\zstack\Sample #
#                          s\GenericApp-Sensor\CC2530DB\..\..\..\..\..\Compon #
#                          ents\mt\ -I D:\IAR\ZStack-CC2530-2.5.1a\Projects\z #
#                          stack\Samples\GenericApp-Sensor\CC2530DB\..\..\..\ #
#                          ..\..\Components\osal\include\ -I                  #
#                          D:\IAR\ZStack-CC2530-2.5.1a\Projects\zstack\Sample #
#                          s\GenericApp-Sensor\CC2530DB\..\..\..\..\..\Compon #
#                          ents\services\saddr\ -I D:\IAR\ZStack-CC2530-2.5.1 #
#                          a\Projects\zstack\Samples\GenericApp-Sensor\CC2530 #
#                          DB\..\..\..\..\..\Components\services\sdata\ -I    #
#                          D:\IAR\ZStack-CC2530-2.5.1a\Projects\zstack\Sample #
#                          s\GenericApp-Sensor\CC2530DB\..\..\..\..\..\Compon #
#                          ents\stack\af\ -I D:\IAR\ZStack-CC2530-2.5.1a\Proj #
#                          ects\zstack\Samples\GenericApp-Sensor\CC2530DB\..\ #
#                          ..\..\..\..\Components\stack\nwk\ -I               #
#                          D:\IAR\ZStack-CC2530-2.5.1a\Projects\zstack\Sample #
#                          s\GenericApp-Sensor\CC2530DB\..\..\..\..\..\Compon #
#                          ents\stack\sapi\ -I D:\IAR\ZStack-CC2530-2.5.1a\Pr #
#                          ojects\zstack\Samples\GenericApp-Sensor\CC2530DB\. #
#                          .\..\..\..\..\Components\stack\sec\ -I             #
#                          D:\IAR\ZStack-CC2530-2.5.1a\Projects\zstack\Sample #
#                          s\GenericApp-Sensor\CC2530DB\..\..\..\..\..\Compon #
#                          ents\stack\sys\ -I D:\IAR\ZStack-CC2530-2.5.1a\Pro #
#                          jects\zstack\Samples\GenericApp-Sensor\CC2530DB\.. #
#                          \..\..\..\..\Components\stack\zdo\ -I              #
#                          D:\IAR\ZStack-CC2530-2.5.1a\Projects\zstack\Sample #
#                          s\GenericApp-Sensor\CC2530DB\..\..\..\..\..\Compon #
#                          ents\zmac\ -I D:\IAR\ZStack-CC2530-2.5.1a\Projects #
#                          \zstack\Samples\GenericApp-Sensor\CC2530DB\..\..\. #
#                          .\..\..\Components\zmac\f8w\ -Ohz                  #
#                          --require_prototypes                               #
#    List file          =  D:\IAR\ZStack-CC2530-2.5.1a\Projects\zstack\Sample #
#                          s\GenericApp-Sensor\CC2530DB\EndDeviceEB\List\Sens #
#                          or.lst                                             #
#    Object file        =  D:\IAR\ZStack-CC2530-2.5.1a\Projects\zstack\Sample #
#                          s\GenericApp-Sensor\CC2530DB\EndDeviceEB\Obj\Senso #
#                          r.r51                                              #
#                                                                             #
#                                                                             #
###############################################################################

D:\IAR\ZStack-CC2530-2.5.1a\Projects\zstack\Samples\GenericApp-Sensor\Source\Sensor.c
      1          #include "Sensor.h"
      2          #include <ioCC2530.h>

   \                                 In  segment SFR_AN, at 0xb4
   \   unsigned char volatile __sfr ADCCON1
   \                     ADCCON1:
   \   000000                DS 1

   \                                 In  segment SFR_AN, at 0xb6
   \   unsigned char volatile __sfr ADCCON3
   \                     ADCCON3:
   \   000000                DS 1

   \                                 In  segment SFR_AN, at 0xba
   \   unsigned char volatile __sfr ADCL
   \                     ADCL:
   \   000000                DS 1

   \                                 In  segment SFR_AN, at 0xbb
   \   unsigned char volatile __sfr ADCH
   \                     ADCH:
   \   000000                DS 1
      3          
      4          #if 0
      5          
      6          #define HAL_ADC_REF_115V 0x00
      7          #define HAL_ADC_DEC_256  0x20
      8          #define HAL_ADC_CHN_TEMP 0x0e
      9          
     10          
     11          int8 readTemp(void)
     12          {
     13            static uint16 reference_valtage;
     14            static uint8 bCalibrate = TRUE;
     15            
     16            uint16 value;
     17            int8 temp;
     18            
     19            ATEST = 0x01;    // 使能温度传感器
     20            TR0 |= 0x01;     // 连接温度传感器
     21            
     22            ADCIF = 0;
     23            ADCCON3 = (HAL_ADC_REF_115V | HAL_ADC_DEC_256 | HAL_ADC_CHN_TEMP);
     24            
     25            while(!ADCIF)
     26            {
     27              ;
     28            }
     29            ADCIF = 0;
     30            value = ADCL;
     31            value |= ((uint16)ADCH) << 8;
     32            
     33            value >>= 4;
     34            
     35            if (bCalibrate)   // 记录第一次读取的温度值，用于校正温度数据。
     36            {
     37              reference_valtage = value;
     38              bCalibrate = FALSE;
     39            }
     40            
     41            temp = 22 + ((value - reference_valtage)/4);   // 温度校正函数
     42            return temp;
     43            
     44            
     45          }
     46          #endif
     47          
     48          #if 1
     49          
     50          /*********************************************************
     51          *  函数名称： Sensor_Init
     52          *  功能    ： 初始化 cc2530 内部温度传感器
     53          *  参数列表： 无
     54          *  返回值  ： 无
     55          **********************************************************/

   \                                 In  segment BANKED_CODE, align 1, keep-with-next
     56          void Sensor_Init(void)
   \                     Sensor_Init:
     57          {     
   \   000000   C082         PUSH    DPL
   \   000002   C083         PUSH    DPH
   \   000004                ; Saved register size: 2
   \   000004                ; Auto size: 0
     58              TR0    =   0x01; //连接温度传感器到SOC__ADC；
   \   000004   90624B       MOV     DPTR,#0x624b
   \   000007   7401         MOV     A,#0x1
   \   000009   F0           MOVX    @DPTR,A
     59              ATEST  = 0x01; //选择温度传感器；
   \   00000A   9061BD       MOV     DPTR,#0x61bd
   \   00000D   F0           MOVX    @DPTR,A
     60          }
   \   00000E   D083         POP     DPH
   \   000010   D082         POP     DPL
   \   000012   02....       LJMP    ?BRET
     61          
     62          /*********************************************************
     63          *  函数名称： ADC_Init
     64          *  功能    ： ADC初始化
     65          *  参数列表： 无
     66          *  返回值  ： 无
     67          **********************************************************/

   \                                 In  segment BANKED_CODE, align 1, keep-with-next
     68          void ADC_Init11(void)
   \                     ADC_Init11:
     69          {
   \   000000                ; Saved register size: 0
   \   000000                ; Auto size: 0
     70             ADCCON3 |=  (0xe << 0) | (0x3 << 4);   //512抽取率，温度传感器；
   \   000000   43B63E       ORL     0xb6,#0x3e
     71             ADCCON1 |= (3<<4);   // 手动开启模式；0011 0000
   \   000003   43B430       ORL     0xb4,#0x30
     72             ADCCON1 |= (1<<6);   //1时开启AD转换；  0100 0000
   \   000006   43B440       ORL     0xb4,#0x40
     73          }
   \   000009   02....       LJMP    ?BRET
   \   00000C                REQUIRE ADCCON3
   \   00000C                REQUIRE ADCCON1
     74          
     75          /*********************************************************
     76          *  函数名称： GetTemperature
     77          *  功能    ： 获取芯片内温度值
     78          *  参数列表： 无
     79          *  返回值  ： 温度值，float 类型
     80          **********************************************************/
     81          /*float GetTemperature(void)
     82          {
     83              unsigned int Value; //高4位存放整数部分，低4位存放小数部分；
     84              ADC_Init();
     85              while(!(ADCCON1 & 0x80)); //等待转换完成；
     86              
     87              //8bit
     88              Value = ADCL>>4;
     89              Value |= (((unsigned int)ADCH)<<4);
     90          
     91              return  (Value-1367.5)/2.5 - 5;  
     92          }*/
     93          

   \                                 In  segment BANKED_CODE, align 1, keep-with-next
     94          uint8 GetTemperature(void)
   \                     GetTemperature:
     95          {
   \   000000   74F0         MOV     A,#-0x10
   \   000002   12....       LCALL   ?BANKED_ENTER_XDATA
   \   000005                ; Saved register size: 16
   \   000005                ; Auto size: 0
     96              Sensor_Init();
   \   000005   90624B       MOV     DPTR,#0x624b
   \   000008   7401         MOV     A,#0x1
   \   00000A   F0           MOVX    @DPTR,A
   \   00000B   9061BD       MOV     DPTR,#0x61bd
   \   00000E   F0           MOVX    @DPTR,A
     97              ADC_Init11();
   \   00000F                ; Setup parameters for call to function ADC_Init11
   \   00000F   12....       LCALL   ??ADC_Init11?relay
     98              unsigned int Value; //高4位存放整数部分，低4位存放小数部分；
     99              while(!(ADCCON1 & (1<<7))); //等待转换完成；
   \                     ??GetTemperature_0:
   \   000012   E5B4         MOV     A,0xb4
   \   000014   A2E7         MOV     C,0xE0 /* A   */.7
   \   000016   50FA         JNC     ??GetTemperature_0
    100              
    101              //8bit
    102              Value = ADCL>>4;
   \   000018   E5BA         MOV     A,0xba
    103              Value |= (((unsigned int)ADCH)<<4);
    104          
    105              return  (uint8)(Value-1367.5)/2.5 - 5;  
                             ^
Warning[Pa093]: implicit conversion from floating point to integer
   \   00001A   C4           SWAP    A
   \   00001B   540F         ANL     A,#0xf
   \   00001D   FA           MOV     R2,A
   \   00001E   85BB..       MOV     ?V0 + 0,0xbb
   \   000021   75..00       MOV     ?V0 + 1,#0x0
   \   000024   7404         MOV     A,#0x4
   \   000026   78..         MOV     R0,#?V0 + 0
   \   000028   12....       LCALL   ?S_SHL
   \   00002B   EA           MOV     A,R2
   \   00002C   45..         ORL     A,?V0 + 0
   \   00002E   F5..         MOV     ?V0 + 0,A
   \   000030   E4           CLR     A
   \   000031   F5..         MOV     ?V0 + 2,A
   \   000033   F5..         MOV     ?V0 + 3,A
   \   000035   78..         MOV     R0,#?V0 + 0
   \   000037   12....       LCALL   ?UL_TO_FLT
   \   00003A   90....       MOV     DPTR,#__Constant_c4aaf000
   \   00003D   78..         MOV     R0,#?V0 + 4
   \   00003F   12....       LCALL   ?L_MOV_X
   \   000042   78..         MOV     R0,#?V0 + 0
   \   000044   79..         MOV     R1,#?V0 + 4
   \   000046   12....       LCALL   ?FLT_ADD
   \   000049   78..         MOV     R0,#?V0 + 0
   \   00004B   12....       LCALL   ?FLT_TO_L
   \   00004E   E4           CLR     A
   \   00004F   F5..         MOV     ?V0 + 1,A
   \   000051   F5..         MOV     ?V0 + 2,A
   \   000053   F5..         MOV     ?V0 + 3,A
   \   000055   78..         MOV     R0,#?V0 + 0
   \   000057   12....       LCALL   ?UL_TO_FLT
   \   00005A   90....       MOV     DPTR,#__Constant_40200000
   \   00005D   78..         MOV     R0,#?V0 + 4
   \   00005F   12....       LCALL   ?L_MOV_X
   \   000062   78..         MOV     R0,#?V0 + 0
   \   000064   79..         MOV     R1,#?V0 + 4
   \   000066   12....       LCALL   ?FLT_DIV
   \   000069   90....       MOV     DPTR,#__Constant_c0a00000
   \   00006C   78..         MOV     R0,#?V0 + 4
   \   00006E   12....       LCALL   ?L_MOV_X
   \   000071   78..         MOV     R0,#?V0 + 0
   \   000073   79..         MOV     R1,#?V0 + 4
   \   000075   12....       LCALL   ?FLT_ADD
   \   000078   78..         MOV     R0,#?V0 + 0
   \   00007A   12....       LCALL   ?FLT_TO_L
   \   00007D   A9..         MOV     R1,?V0 + 0
   \   00007F   7F08         MOV     R7,#0x8
   \   000081   02....       LJMP    ?BANKED_LEAVE_XDATA
   \   000084                REQUIRE ADCCON1
   \   000084                REQUIRE ADCL
   \   000084                REQUIRE ADCH
    106          }

   \                                 In  segment XDATA_ROM_C, align 1
   \                     __Constant_c4aaf000:
   \   000000   00F0AAC4     DD 0C4AAF000H

   \                                 In  segment XDATA_ROM_C, align 1
   \                     __Constant_40200000:
   \   000000   00002040     DD 40200000H

   \                                 In  segment XDATA_ROM_C, align 1
   \                     __Constant_c0a00000:
   \   000000   0000A0C0     DD 0C0A00000H

   \                                 In  segment BANK_RELAYS, align 1
   \                     ??Sensor_Init?relay:
   \   000000   12....       LCALL   ?BDISPATCH
   \   000003   ......       DC24    Sensor_Init

   \                                 In  segment BANK_RELAYS, align 1
   \                     ??ADC_Init11?relay:
   \   000000   12....       LCALL   ?BDISPATCH
   \   000003   ......       DC24    ADC_Init11

   \                                 In  segment BANK_RELAYS, align 1
   \                     ??GetTemperature?relay:
   \   000000   12....       LCALL   ?BDISPATCH
   \   000003   ......       DC24    GetTemperature
    107          
    108          #endif

   Maximum stack usage in bytes:

     Function        ISTACK PSTACK XSTACK
     --------        ------ ------ ------
     ADC_Init11          0      0     16
     GetTemperature      0      0     16
       -> ADC_Init11     0      0     32
     Sensor_Init         2      0      0


   Segment part sizes:

     Function/Label         Bytes
     --------------         -----
     ADCCON1                   1
     ADCCON3                   1
     ADCL                      1
     ADCH                      1
     Sensor_Init              21
     ADC_Init11               12
     GetTemperature          132
     __Constant_c4aaf000       4
     __Constant_40200000       4
     __Constant_c0a00000       4
     ??Sensor_Init?relay       6
     ??ADC_Init11?relay        6
     ??GetTemperature?relay    6

 
 165 bytes in segment BANKED_CODE
  18 bytes in segment BANK_RELAYS
   4 bytes in segment SFR_AN
  12 bytes in segment XDATA_ROM_C
 
 183 bytes of CODE  memory
   0 bytes of CONST memory (+ 12 bytes shared)
   0 bytes of DATA  memory (+  4 bytes shared)

Errors: none
Warnings: 1
